<html>
<head>
<title>TestNG:  Surefire test</title>
<link href="../testng.css" rel="stylesheet" type="text/css" />
<link href="../my-testng.css" rel="stylesheet" type="text/css" />

<style type="text/css">
.log { display: none;} 
.stack-trace { display: none;} 
</style>
<script type="text/javascript">
<!--
function flip(e) {
  current = e.style.display;
  if (current == 'block') {
    e.style.display = 'none';
    return 0;
  }
  else {
    e.style.display = 'block';
    return 1;
  }
}

function toggleBox(szDivId, elem, msg1, msg2)
{
  var res = -1;  if (document.getElementById) {
    res = flip(document.getElementById(szDivId));
  }
  else if (document.all) {
    // this is the way old msie versions work
    res = flip(document.all[szDivId]);
  }
  if(elem) {
    if(res == 0) elem.innerHTML = msg1; else elem.innerHTML = msg2;
  }

}

function toggleAllBoxes() {
  if (document.getElementsByTagName) {
    d = document.getElementsByTagName('div');
    for (i = 0; i < d.length; i++) {
      if (d[i].className == 'log') {
        flip(d[i]);
      }
    }
  }
}

// -->
</script>

</head>
<body>
<h2 align='center'>Surefire test</h2><table border='1' align="center">
<tr>
<td>Tests passed/Failed/Skipped:</td><td>9/3/0</td>
</tr><tr>
<td>Started on:</td><td>Thu Jul 21 00:56:45 EET 2022</td>
</tr>
<tr><td>Total time:</td><td>173 seconds (173452 ms)</td>
</tr><tr>
<td>Included groups:</td><td></td>
</tr><tr>
<td>Excluded groups:</td><td></td>
</tr>
</table><p/>
<small><i>(Hover the method name to see the test class name)</i></small><p/>
<table width='100%' border='1' class='invocation-failed'>
<tr><td colspan='4' align='center'><b>FAILED TESTS</b></td></tr>
<tr><td><b>Test method</b></td>
<td width="30%"><b>Exception</b></td>
<td width="10%"><b>Time (seconds)</b></td>
<td><b>Instance</b></td>
</tr>
<tr>
<td title='org.example.TestRunner.Runners.runScenario()'><b>runScenario</b><br>Test class: org.example.TestRunner.Runners<br>Test method: Runs Cucumber Scenarios<br>Parameters: "Slider test", "Slider Featuer"</td>
<td><div><pre>java.lang.AssertionError: expected [true] but found [false]
	at org.example.StepDefinitions.D06_homeSlidersStepDef.url_changedf_success(D06_homeSlidersStepDef.java:20)
	at ?.user get navigated to first item url(file:///C:/Users/pc/IdeaProjects/E-commerce/src/main/resources/features/F06_homeSliders.feature:9)
... Removed 4 stack frames</pre></div><a href='#' onClick='toggleBox("stack-trace1054477035", this, "Click to show all stack frames", "Click to hide stack frames")'>Click to show all stack frames</a>
<div class='stack-trace' id='stack-trace1054477035'><pre>java.lang.AssertionError: expected [true] but found [false]
	at org.testng.Assert.fail(Assert.java:99)
	at org.testng.Assert.failNotEquals(Assert.java:1037)
	at org.testng.Assert.assertTrue(Assert.java:45)
	at org.testng.Assert.assertTrue(Assert.java:55)
	at org.example.StepDefinitions.D06_homeSlidersStepDef.url_changedf_success(D06_homeSlidersStepDef.java:20)
	at ?.user get navigated to first item url(file:///C:/Users/pc/IdeaProjects/E-commerce/src/main/resources/features/F06_homeSliders.feature:9)
</pre></div></td>
<td>6</td>
<td>org.example.TestRunner.Runners@e320068</td></tr>
<tr>
<td title='org.example.TestRunner.Runners.runScenario()'><b>runScenario</b><br>Test class: org.example.TestRunner.Runners<br>Test method: Runs Cucumber Scenarios<br>Parameters: "Slider test", "Slider Featuer"</td>
<td><div><pre>java.lang.AssertionError: expected [true] but found [false]
	at org.example.StepDefinitions.D06_homeSlidersStepDef.url_changeds_success(D06_homeSlidersStepDef.java:32)
	at ?.user get navigated to item url(file:///C:/Users/pc/IdeaProjects/E-commerce/src/main/resources/features/F06_homeSliders.feature:13)
... Removed 4 stack frames</pre></div><a href='#' onClick='toggleBox("stack-trace1566311673", this, "Click to show all stack frames", "Click to hide stack frames")'>Click to show all stack frames</a>
<div class='stack-trace' id='stack-trace1566311673'><pre>java.lang.AssertionError: expected [true] but found [false]
	at org.testng.Assert.fail(Assert.java:99)
	at org.testng.Assert.failNotEquals(Assert.java:1037)
	at org.testng.Assert.assertTrue(Assert.java:45)
	at org.testng.Assert.assertTrue(Assert.java:55)
	at org.example.StepDefinitions.D06_homeSlidersStepDef.url_changeds_success(D06_homeSlidersStepDef.java:32)
	at ?.user get navigated to item url(file:///C:/Users/pc/IdeaProjects/E-commerce/src/main/resources/features/F06_homeSliders.feature:13)
</pre></div></td>
<td>7</td>
<td>org.example.TestRunner.Runners@e320068</td></tr>
<tr>
<td title='org.example.TestRunner.Runners.runScenario()'><b>runScenario</b><br>Test class: org.example.TestRunner.Runners<br>Test method: Runs Cucumber Scenarios<br>Parameters: "Follow us on rss", "Follow us Feature"</td>
<td><div><pre>java.lang.IndexOutOfBoundsException: Index: 1, Size: 1
	at java.util.ArrayList.rangeCheck(ArrayList.java:659)
	at java.util.ArrayList.get(ArrayList.java:435)
	at org.example.StepDefinitions.D07_followUsStepDef.navigate_to_rss_success(D07_followUsStepDef.java:71)
	at ?.navigate correctly to rss page(file:///C:/Users/pc/IdeaProjects/E-commerce/src/main/resources/features/F07_followUs.feature:20)
</pre></div><a href='#' onClick='toggleBox("stack-trace1865289764", this, "Click to show all stack frames", "Click to hide stack frames")'>Click to show all stack frames</a>
<div class='stack-trace' id='stack-trace1865289764'><pre>java.lang.IndexOutOfBoundsException: Index: 1, Size: 1
	at java.util.ArrayList.rangeCheck(ArrayList.java:659)
	at java.util.ArrayList.get(ArrayList.java:435)
	at org.example.StepDefinitions.D07_followUsStepDef.navigate_to_rss_success(D07_followUsStepDef.java:71)
	at ?.navigate correctly to rss page(file:///C:/Users/pc/IdeaProjects/E-commerce/src/main/resources/features/F07_followUs.feature:20)
</pre></div></td>
<td>7</td>
<td>org.example.TestRunner.Runners@e320068</td></tr>
</table><p>
<table width='100%' border='1' class='invocation-passed'>
<tr><td colspan='4' align='center'><b>PASSED TESTS</b></td></tr>
<tr><td><b>Test method</b></td>
<td width="30%"><b>Exception</b></td>
<td width="10%"><b>Time (seconds)</b></td>
<td><b>Instance</b></td>
</tr>
<tr>
<td title='org.example.TestRunner.Runners.runScenario()'><b>runScenario</b><br>Test class: org.example.TestRunner.Runners<br>Test method: Runs Cucumber Scenarios<br>Parameters: "logged in user change currency from US to Euro", "Change Currency Feature"</td>
<td></td>
<td>10</td>
<td>org.example.TestRunner.Runners@e320068</td></tr>
<tr>
<td title='org.example.TestRunner.Runners.runScenario()'><b>runScenario</b><br>Test class: org.example.TestRunner.Runners<br>Test method: Runs Cucumber Scenarios<br>Parameters: "Logged User could search for any product", "Search Feature"</td>
<td></td>
<td>19</td>
<td>org.example.TestRunner.Runners@e320068</td></tr>
<tr>
<td title='org.example.TestRunner.Runners.runScenario()'><b>runScenario</b><br>Test class: org.example.TestRunner.Runners<br>Test method: Runs Cucumber Scenarios<br>Parameters: "user login with valid user and password", "Login Feature"</td>
<td></td>
<td>13</td>
<td>org.example.TestRunner.Runners@e320068</td></tr>
<tr>
<td title='org.example.TestRunner.Runners.runScenario()'><b>runScenario</b><br>Test class: org.example.TestRunner.Runners<br>Test method: Runs Cucumber Scenarios<br>Parameters: "Follow us on twitter", "Follow us Feature"</td>
<td></td>
<td>15</td>
<td>org.example.TestRunner.Runners@e320068</td></tr>
<tr>
<td title='org.example.TestRunner.Runners.runScenario()'><b>runScenario</b><br>Test class: org.example.TestRunner.Runners<br>Test method: Runs Cucumber Scenarios<br>Parameters: "Logged user could add different products to Shopping cart", "Shopping Cart Feature"</td>
<td></td>
<td>17</td>
<td>org.example.TestRunner.Runners@e320068</td></tr>
<tr>
<td title='org.example.TestRunner.Runners.runScenario()'><b>runScenario</b><br>Test class: org.example.TestRunner.Runners<br>Test method: Runs Cucumber Scenarios<br>Parameters: "Logged user could select different Categories", "Select Category Feature"</td>
<td></td>
<td>15</td>
<td>org.example.TestRunner.Runners@e320068</td></tr>
<tr>
<td title='org.example.TestRunner.Runners.runScenario()'><b>runScenario</b><br>Test class: org.example.TestRunner.Runners<br>Test method: Runs Cucumber Scenarios<br>Parameters: "Follow us on youtube", "Follow us Feature"</td>
<td></td>
<td>17</td>
<td>org.example.TestRunner.Runners@e320068</td></tr>
<tr>
<td title='org.example.TestRunner.Runners.runScenario()'><b>runScenario</b><br>Test class: org.example.TestRunner.Runners<br>Test method: Runs Cucumber Scenarios<br>Parameters: "Logged user could add different products to Wishlist", "Wishlist Feature"</td>
<td></td>
<td>17</td>
<td>org.example.TestRunner.Runners@e320068</td></tr>
<tr>
<td title='org.example.TestRunner.Runners.runScenario()'><b>runScenario</b><br>Test class: org.example.TestRunner.Runners<br>Test method: Runs Cucumber Scenarios<br>Parameters: "Follow us on facebook", "Follow us Feature"</td>
<td></td>
<td>24</td>
<td>org.example.TestRunner.Runners@e320068</td></tr>
</table><p>
</body>
</html>